-------------------------------------------------------------------------------
Test set: com.luminastays.listings.ListingsApplicationTests
-------------------------------------------------------------------------------
Tests run: 1, Failures: 0, Errors: 1, Skipped: 0, Time elapsed: 0.35 s <<< FAILURE! - in com.luminastays.listings.ListingsApplicationTests
com.luminastays.listings.ListingsApplicationTests  Time elapsed: 0.349 s  <<< ERROR!
java.lang.IllegalStateException: Unable to find a @SpringBootConfiguration, you need to use @ContextConfiguration or @SpringBootTest(classes=...) with your test

